2024-03-11T17:16:12.240+0530 [DEBUG] [org.gradle.launcher.daemon.bootstrap.DaemonMain] Assuming the daemon was started with following jvm opts: [--add-opens=java.base/java.util=ALL-UNNAMED, --add-opens=java.base/java.lang=ALL-UNNAMED, --add-opens=java.base/java.lang.invoke=ALL-UNNAMED, --add-opens=java.prefs/java.util.prefs=ALL-UNNAMED, --add-opens=java.base/java.nio.charset=ALL-UNNAMED, --add-opens=java.base/java.net=ALL-UNNAMED, --add-opens=java.base/java.util.concurrent.atomic=ALL-UNNAMED, -Xmx2048m, -Dfile.encoding=UTF-8, -Duser.country=IN, -Duser.language=en, -Duser.variant]
2024-03-11T17:16:12.759+0530 [DEBUG] [org.gradle.internal.nativeintegration.services.NativeServices] Native-platform posix files integration is not available. Continuing with fallback.
2024-03-11T17:16:12.813+0530 [INFO] [org.gradle.launcher.daemon.server.Daemon] start() called on daemon - DefaultDaemonContext[uid=274d16b2-2463-4a8e-a1a9-7e35b8a0a318,javaHome=C:\Program Files\Android\Android Studio\jbr,daemonRegistryDir=F:\NyaySetu\daemon,pid=1244,idleTimeout=10800000,priority=NORMAL,applyInstrumentationAgent=true,daemonOpts=--add-opens=java.base/java.util=ALL-UNNAMED,--add-opens=java.base/java.lang=ALL-UNNAMED,--add-opens=java.base/java.lang.invoke=ALL-UNNAMED,--add-opens=java.prefs/java.util.prefs=ALL-UNNAMED,--add-opens=java.base/java.nio.charset=ALL-UNNAMED,--add-opens=java.base/java.net=ALL-UNNAMED,--add-opens=java.base/java.util.concurrent.atomic=ALL-UNNAMED,-Xmx2048m,-Dfile.encoding=UTF-8,-Duser.country=IN,-Duser.language=en,-Duser.variant]
2024-03-11T17:16:12.962+0530 [DEBUG] [org.gradle.internal.remote.internal.inet.InetAddresses] Adding IP addresses for network interface Software Loopback Interface 1
2024-03-11T17:16:12.966+0530 [DEBUG] [org.gradle.internal.remote.internal.inet.InetAddresses] Is this a loopback interface? true
2024-03-11T17:16:12.967+0530 [DEBUG] [org.gradle.internal.remote.internal.inet.InetAddresses] Adding loopback address /127.0.0.1
2024-03-11T17:16:12.967+0530 [DEBUG] [org.gradle.internal.remote.internal.inet.InetAddresses] Adding loopback address /0:0:0:0:0:0:0:1
2024-03-11T17:16:12.969+0530 [DEBUG] [org.gradle.internal.remote.internal.inet.InetAddresses] Adding IP addresses for network interface Microsoft 6to4 Adapter
2024-03-11T17:16:12.980+0530 [DEBUG] [org.gradle.internal.remote.internal.inet.InetAddresses] Is this a loopback interface? false
2024-03-11T17:16:12.981+0530 [DEBUG] [org.gradle.internal.remote.internal.inet.InetAddresses] Adding IP addresses for network interface WAN Miniport (SSTP)
2024-03-11T17:16:12.984+0530 [DEBUG] [org.gradle.internal.remote.internal.inet.InetAddresses] Is this a loopback interface? false
2024-03-11T17:16:12.986+0530 [DEBUG] [org.gradle.internal.remote.internal.inet.InetAddresses] Adding IP addresses for network interface WAN Miniport (PPTP)
2024-03-11T17:16:12.991+0530 [DEBUG] [org.gradle.internal.remote.internal.inet.InetAddresses] Is this a loopback interface? false
2024-03-11T17:16:12.991+0530 [DEBUG] [org.gradle.internal.remote.internal.inet.InetAddresses] Adding IP addresses for network interface Microsoft IP-HTTPS Platform Adapter
2024-03-11T17:16:12.995+0530 [DEBUG] [org.gradle.internal.remote.internal.inet.InetAddresses] Is this a loopback interface? false
2024-03-11T17:16:12.995+0530 [DEBUG] [org.gradle.internal.remote.internal.inet.InetAddresses] Adding IP addresses for network interface WAN Miniport (IPv6)
2024-03-11T17:16:13.002+0530 [DEBUG] [org.gradle.internal.remote.internal.inet.InetAddresses] Is this a loopback interface? false
2024-03-11T17:16:13.003+0530 [DEBUG] [org.gradle.internal.remote.internal.inet.InetAddresses] Adding IP addresses for network interface WAN Miniport (IP)
2024-03-11T17:16:13.014+0530 [DEBUG] [org.gradle.internal.remote.internal.inet.InetAddresses] Is this a loopback interface? false
2024-03-11T17:16:13.015+0530 [DEBUG] [org.gradle.internal.remote.internal.inet.InetAddresses] Adding IP addresses for network interface Microsoft Wi-Fi Direct Virtual Adapter
2024-03-11T17:16:13.022+0530 [DEBUG] [org.gradle.internal.remote.internal.inet.InetAddresses] Is this a loopback interface? false
2024-03-11T17:16:13.022+0530 [DEBUG] [org.gradle.internal.remote.internal.inet.InetAddresses] Adding remote address /fe80:0:0:0:6d62:4440:ccda:f88d%wlan0
2024-03-11T17:16:13.023+0530 [DEBUG] [org.gradle.internal.remote.internal.inet.InetAddresses] Adding IP addresses for network interface Realtek PCIe GbE Family Controller
2024-03-11T17:16:13.029+0530 [DEBUG] [org.gradle.internal.remote.internal.inet.InetAddresses] Is this a loopback interface? false
2024-03-11T17:16:13.033+0530 [DEBUG] [org.gradle.internal.remote.internal.inet.InetAddresses] Adding remote address /fe80:0:0:0:1158:a680:9eab:f261%eth2
2024-03-11T17:16:13.034+0530 [DEBUG] [org.gradle.internal.remote.internal.inet.InetAddresses] Adding IP addresses for network interface Microsoft Wi-Fi Direct Virtual Adapter #2
2024-03-11T17:16:13.042+0530 [DEBUG] [org.gradle.internal.remote.internal.inet.InetAddresses] Is this a loopback interface? false
2024-03-11T17:16:13.043+0530 [DEBUG] [org.gradle.internal.remote.internal.inet.InetAddresses] Adding remote address /fe80:0:0:0:4446:e148:4c10:4bed%wlan1
2024-03-11T17:16:13.043+0530 [DEBUG] [org.gradle.internal.remote.internal.inet.InetAddresses] Adding IP addresses for network interface WAN Miniport (PPPOE)
2024-03-11T17:16:13.048+0530 [DEBUG] [org.gradle.internal.remote.internal.inet.InetAddresses] Is this a loopback interface? false
2024-03-11T17:16:13.049+0530 [DEBUG] [org.gradle.internal.remote.internal.inet.InetAddresses] Adding IP addresses for network interface Microsoft Teredo Tunneling Adapter
2024-03-11T17:16:13.054+0530 [DEBUG] [org.gradle.internal.remote.internal.inet.InetAddresses] Is this a loopback interface? false
2024-03-11T17:16:13.055+0530 [DEBUG] [org.gradle.internal.remote.internal.inet.InetAddresses] Adding IP addresses for network interface WAN Miniport (IKEv2)
2024-03-11T17:16:13.060+0530 [DEBUG] [org.gradle.internal.remote.internal.inet.InetAddresses] Is this a loopback interface? false
2024-03-11T17:16:13.060+0530 [DEBUG] [org.gradle.internal.remote.internal.inet.InetAddresses] Adding IP addresses for network interface WAN Miniport (L2TP)
2024-03-11T17:16:13.063+0530 [DEBUG] [org.gradle.internal.remote.internal.inet.InetAddresses] Is this a loopback interface? false
2024-03-11T17:16:13.064+0530 [DEBUG] [org.gradle.internal.remote.internal.inet.InetAddresses] Adding IP addresses for network interface RAS Async Adapter
2024-03-11T17:16:13.067+0530 [DEBUG] [org.gradle.internal.remote.internal.inet.InetAddresses] Is this a loopback interface? false
2024-03-11T17:16:13.067+0530 [DEBUG] [org.gradle.internal.remote.internal.inet.InetAddresses] Adding IP addresses for network interface Bluetooth Device (Personal Area Network)
2024-03-11T17:16:13.070+0530 [DEBUG] [org.gradle.internal.remote.internal.inet.InetAddresses] Is this a loopback interface? false
2024-03-11T17:16:13.071+0530 [DEBUG] [org.gradle.internal.remote.internal.inet.InetAddresses] Adding remote address /fe80:0:0:0:e133:dc66:c0c2:823a%eth3
2024-03-11T17:16:13.071+0530 [DEBUG] [org.gradle.internal.remote.internal.inet.InetAddresses] Adding IP addresses for network interface Microsoft Kernel Debug Network Adapter
2024-03-11T17:16:13.073+0530 [DEBUG] [org.gradle.internal.remote.internal.inet.InetAddresses] Is this a loopback interface? false
2024-03-11T17:16:13.073+0530 [DEBUG] [org.gradle.internal.remote.internal.inet.InetAddresses] Adding IP addresses for network interface WAN Miniport (Network Monitor)
2024-03-11T17:16:13.076+0530 [DEBUG] [org.gradle.internal.remote.internal.inet.InetAddresses] Is this a loopback interface? false
2024-03-11T17:16:13.076+0530 [DEBUG] [org.gradle.internal.remote.internal.inet.InetAddresses] Adding IP addresses for network interface Realtek 8822BE Wireless LAN 802.11ac PCI-E NIC
2024-03-11T17:16:13.080+0530 [DEBUG] [org.gradle.internal.remote.internal.inet.InetAddresses] Is this a loopback interface? false
2024-03-11T17:16:13.080+0530 [DEBUG] [org.gradle.internal.remote.internal.inet.InetAddresses] Adding remote address /192.168.29.176
2024-03-11T17:16:13.081+0530 [DEBUG] [org.gradle.internal.remote.internal.inet.InetAddresses] Adding remote address /2405:201:3041:a037:140f:70e9:b6c0:752e
2024-03-11T17:16:13.082+0530 [DEBUG] [org.gradle.internal.remote.internal.inet.InetAddresses] Adding remote address /2405:201:3041:a037:2d46:9b14:57bc:56e1
2024-03-11T17:16:13.082+0530 [DEBUG] [org.gradle.internal.remote.internal.inet.InetAddresses] Adding remote address /fe80:0:0:0:140f:70e9:b6c0:752e%wlan2
2024-03-11T17:16:13.083+0530 [DEBUG] [org.gradle.internal.remote.internal.inet.InetAddresses] Adding IP addresses for network interface Realtek PCIe GbE Family Controller-WFP Native MAC Layer LightWeight Filter-0000
2024-03-11T17:16:13.085+0530 [DEBUG] [org.gradle.internal.remote.internal.inet.InetAddresses] Is this a loopback interface? false
2024-03-11T17:16:13.086+0530 [DEBUG] [org.gradle.internal.remote.internal.inet.InetAddresses] Adding IP addresses for network interface Realtek PCIe GbE Family Controller-QoS Packet Scheduler-0000
2024-03-11T17:16:13.089+0530 [DEBUG] [org.gradle.internal.remote.internal.inet.InetAddresses] Is this a loopback interface? false
2024-03-11T17:16:13.089+0530 [DEBUG] [org.gradle.internal.remote.internal.inet.InetAddresses] Adding IP addresses for network interface Realtek PCIe GbE Family Controller-WFP 802.3 MAC Layer LightWeight Filter-0000
2024-03-11T17:16:13.092+0530 [DEBUG] [org.gradle.internal.remote.internal.inet.InetAddresses] Is this a loopback interface? false
2024-03-11T17:16:13.092+0530 [DEBUG] [org.gradle.internal.remote.internal.inet.InetAddresses] Adding IP addresses for network interface Realtek 8822BE Wireless LAN 802.11ac PCI-E NIC-WFP Native MAC Layer LightWeight Filter-0000
2024-03-11T17:16:13.095+0530 [DEBUG] [org.gradle.internal.remote.internal.inet.InetAddresses] Is this a loopback interface? false
2024-03-11T17:16:13.095+0530 [DEBUG] [org.gradle.internal.remote.internal.inet.InetAddresses] Adding IP addresses for network interface Realtek 8822BE Wireless LAN 802.11ac PCI-E NIC-Virtual WiFi Filter Driver-0000
2024-03-11T17:16:13.099+0530 [DEBUG] [org.gradle.internal.remote.internal.inet.InetAddresses] Is this a loopback interface? false
2024-03-11T17:16:13.099+0530 [DEBUG] [org.gradle.internal.remote.internal.inet.InetAddresses] Adding IP addresses for network interface Realtek 8822BE Wireless LAN 802.11ac PCI-E NIC-Native WiFi Filter Driver-0000
2024-03-11T17:16:13.101+0530 [DEBUG] [org.gradle.internal.remote.internal.inet.InetAddresses] Is this a loopback interface? false
2024-03-11T17:16:13.101+0530 [DEBUG] [org.gradle.internal.remote.internal.inet.InetAddresses] Adding IP addresses for network interface Realtek 8822BE Wireless LAN 802.11ac PCI-E NIC-QoS Packet Scheduler-0000
2024-03-11T17:16:13.113+0530 [DEBUG] [org.gradle.internal.remote.internal.inet.InetAddresses] Is this a loopback interface? false
2024-03-11T17:16:13.114+0530 [DEBUG] [org.gradle.internal.remote.internal.inet.InetAddresses] Adding IP addresses for network interface Realtek 8822BE Wireless LAN 802.11ac PCI-E NIC-WFP 802.3 MAC Layer LightWeight Filter-0000
2024-03-11T17:16:13.119+0530 [DEBUG] [org.gradle.internal.remote.internal.inet.InetAddresses] Is this a loopback interface? false
2024-03-11T17:16:13.120+0530 [DEBUG] [org.gradle.internal.remote.internal.inet.InetAddresses] Adding IP addresses for network interface Microsoft Wi-Fi Direct Virtual Adapter-WFP Native MAC Layer LightWeight Filter-0000
2024-03-11T17:16:13.122+0530 [DEBUG] [org.gradle.internal.remote.internal.inet.InetAddresses] Is this a loopback interface? false
2024-03-11T17:16:13.123+0530 [DEBUG] [org.gradle.internal.remote.internal.inet.InetAddresses] Adding IP addresses for network interface Microsoft Wi-Fi Direct Virtual Adapter-Native WiFi Filter Driver-0000
2024-03-11T17:16:13.126+0530 [DEBUG] [org.gradle.internal.remote.internal.inet.InetAddresses] Is this a loopback interface? false
2024-03-11T17:16:13.126+0530 [DEBUG] [org.gradle.internal.remote.internal.inet.InetAddresses] Adding IP addresses for network interface Microsoft Wi-Fi Direct Virtual Adapter-QoS Packet Scheduler-0000
2024-03-11T17:16:13.129+0530 [DEBUG] [org.gradle.internal.remote.internal.inet.InetAddresses] Is this a loopback interface? false
2024-03-11T17:16:13.129+0530 [DEBUG] [org.gradle.internal.remote.internal.inet.InetAddresses] Adding IP addresses for network interface Microsoft Wi-Fi Direct Virtual Adapter-WFP 802.3 MAC Layer LightWeight Filter-0000
2024-03-11T17:16:13.132+0530 [DEBUG] [org.gradle.internal.remote.internal.inet.InetAddresses] Is this a loopback interface? false
2024-03-11T17:16:13.132+0530 [DEBUG] [org.gradle.internal.remote.internal.inet.InetAddresses] Adding IP addresses for network interface Microsoft Wi-Fi Direct Virtual Adapter #2-WFP Native MAC Layer LightWeight Filter-0000
2024-03-11T17:16:13.135+0530 [DEBUG] [org.gradle.internal.remote.internal.inet.InetAddresses] Is this a loopback interface? false
2024-03-11T17:16:13.135+0530 [DEBUG] [org.gradle.internal.remote.internal.inet.InetAddresses] Adding IP addresses for network interface Microsoft Wi-Fi Direct Virtual Adapter #2-Native WiFi Filter Driver-0000
2024-03-11T17:16:13.138+0530 [DEBUG] [org.gradle.internal.remote.internal.inet.InetAddresses] Is this a loopback interface? false
2024-03-11T17:16:13.138+0530 [DEBUG] [org.gradle.internal.remote.internal.inet.InetAddresses] Adding IP addresses for network interface Microsoft Wi-Fi Direct Virtual Adapter #2-QoS Packet Scheduler-0000
2024-03-11T17:16:13.141+0530 [DEBUG] [org.gradle.internal.remote.internal.inet.InetAddresses] Is this a loopback interface? false
2024-03-11T17:16:13.141+0530 [DEBUG] [org.gradle.internal.remote.internal.inet.InetAddresses] Adding IP addresses for network interface Microsoft Wi-Fi Direct Virtual Adapter #2-WFP 802.3 MAC Layer LightWeight Filter-0000
2024-03-11T17:16:13.144+0530 [DEBUG] [org.gradle.internal.remote.internal.inet.InetAddresses] Is this a loopback interface? false
2024-03-11T17:16:13.152+0530 [DEBUG] [org.gradle.internal.remote.internal.inet.TcpIncomingConnector] Listening on [86aa797e-2c96-4c45-8c14-b0f127049c60 port:63198, addresses:[localhost/127.0.0.1]].
2024-03-11T17:16:13.199+0530 [DEBUG] [org.gradle.launcher.daemon.server.Daemon] Daemon starting at: Mon Mar 11 17:16:13 IST 2024, with address: [86aa797e-2c96-4c45-8c14-b0f127049c60 port:63198, addresses:[localhost/127.0.0.1]]
2024-03-11T17:16:13.199+0530 [INFO] [org.gradle.launcher.daemon.server.DaemonRegistryUpdater] Advertising the daemon address to the clients: [86aa797e-2c96-4c45-8c14-b0f127049c60 port:63198, addresses:[localhost/127.0.0.1]]
2024-03-11T17:16:13.200+0530 [DEBUG] [org.gradle.launcher.daemon.server.DaemonRegistryUpdater] Advertised daemon context: DefaultDaemonContext[uid=274d16b2-2463-4a8e-a1a9-7e35b8a0a318,javaHome=C:\Program Files\Android\Android Studio\jbr,daemonRegistryDir=F:\NyaySetu\daemon,pid=1244,idleTimeout=10800000,priority=NORMAL,applyInstrumentationAgent=true,daemonOpts=--add-opens=java.base/java.util=ALL-UNNAMED,--add-opens=java.base/java.lang=ALL-UNNAMED,--add-opens=java.base/java.lang.invoke=ALL-UNNAMED,--add-opens=java.prefs/java.util.prefs=ALL-UNNAMED,--add-opens=java.base/java.nio.charset=ALL-UNNAMED,--add-opens=java.base/java.net=ALL-UNNAMED,--add-opens=java.base/java.util.concurrent.atomic=ALL-UNNAMED,-Xmx2048m,-Dfile.encoding=UTF-8,-Duser.country=IN,-Duser.language=en,-Duser.variant]
2024-03-11T17:16:13.202+0530 [DEBUG] [org.gradle.launcher.daemon.registry.PersistentDaemonRegistry] Storing daemon address: [86aa797e-2c96-4c45-8c14-b0f127049c60 port:63198, addresses:[localhost/127.0.0.1]], context: DefaultDaemonContext[uid=274d16b2-2463-4a8e-a1a9-7e35b8a0a318,javaHome=C:\Program Files\Android\Android Studio\jbr,daemonRegistryDir=F:\NyaySetu\daemon,pid=1244,idleTimeout=10800000,priority=NORMAL,applyInstrumentationAgent=true,daemonOpts=--add-opens=java.base/java.util=ALL-UNNAMED,--add-opens=java.base/java.lang=ALL-UNNAMED,--add-opens=java.base/java.lang.invoke=ALL-UNNAMED,--add-opens=java.prefs/java.util.prefs=ALL-UNNAMED,--add-opens=java.base/java.nio.charset=ALL-UNNAMED,--add-opens=java.base/java.net=ALL-UNNAMED,--add-opens=java.base/java.util.concurrent.atomic=ALL-UNNAMED,-Xmx2048m,-Dfile.encoding=UTF-8,-Duser.country=IN,-Duser.language=en,-Duser.variant]
2024-03-11T17:16:13.254+0530 [DEBUG] [org.gradle.cache.internal.DefaultFileLockManager] Waiting to acquire exclusive lock on daemon addresses registry.
2024-03-11T17:16:13.270+0530 [DEBUG] [org.gradle.cache.internal.DefaultFileLockManager] Lock acquired on daemon addresses registry.
2024-03-11T17:16:13.292+0530 [DEBUG] [org.gradle.cache.internal.DefaultFileLockManager] Releasing lock on daemon addresses registry.
2024-03-11T17:16:13.293+0530 [LIFECYCLE] [org.gradle.launcher.daemon.server.Daemon] Daemon server started.
2024-03-11T17:16:13.296+0530 [DEBUG] [org.gradle.launcher.daemon.bootstrap.DaemonStartupCommunication] Completed writing the daemon greeting. Closing streams...
2024-03-11T17:16:13.307+0530 [DEBUG] [org.gradle.internal.remote.internal.inet.TcpIncomingConnector] Accepted connection from /127.0.0.1:63199 to /127.0.0.1:63198.
2024-03-11T17:16:13.331+0530 [DEBUG] [org.gradle.launcher.daemon.server.Daemon] stopOnExpiration() called on daemon
2024-03-11T17:16:13.333+0530 [DEBUG] [org.gradle.launcher.daemon.server.Daemon] awaitExpiration() called on daemon
2024-03-11T17:16:13.334+0530 [DEBUG] [org.gradle.launcher.daemon.server.DaemonStateCoordinator] daemon is running. Sleeping until state changes.
2024-03-11T17:16:13.500+0530 [DEBUG] [org.gradle.launcher.daemon.server.SynchronizedDispatchConnection] thread 22: received class org.gradle.launcher.daemon.protocol.Build
2024-03-11T17:16:13.500+0530 [DEBUG] [org.gradle.launcher.daemon.server.DefaultDaemonConnection] thread 22: Received non-IO message from client: Build{id=b6bbf7df-5f03-4c35-ace4-70b2e372147b, currentDir=F:\NyaySetu\app}
2024-03-11T17:16:13.501+0530 [INFO] [org.gradle.launcher.daemon.server.DefaultIncomingConnectionHandler] Received command: Build{id=b6bbf7df-5f03-4c35-ace4-70b2e372147b, currentDir=F:\NyaySetu\app}.
2024-03-11T17:16:13.501+0530 [DEBUG] [org.gradle.launcher.daemon.server.DefaultIncomingConnectionHandler] Starting executing command: Build{id=b6bbf7df-5f03-4c35-ace4-70b2e372147b, currentDir=F:\NyaySetu\app} with connection: socket connection from /127.0.0.1:63198 to /127.0.0.1:63199.
2024-03-11T17:16:13.504+0530 [DEBUG] [org.gradle.launcher.daemon.server.DaemonStateCoordinator] Command execution: started DaemonCommandExecution[command = Build{id=b6bbf7df-5f03-4c35-ace4-70b2e372147b, currentDir=F:\NyaySetu\app}, connection = DefaultDaemonConnection: socket connection from /127.0.0.1:63198 to /127.0.0.1:63199] after 0.0 minutes of idle
2024-03-11T17:16:13.505+0530 [INFO] [org.gradle.launcher.daemon.server.DaemonRegistryUpdater] Marking the daemon as busy, address: [86aa797e-2c96-4c45-8c14-b0f127049c60 port:63198, addresses:[localhost/127.0.0.1]]
2024-03-11T17:16:13.505+0530 [DEBUG] [org.gradle.launcher.daemon.registry.PersistentDaemonRegistry] Marking busy by address: [86aa797e-2c96-4c45-8c14-b0f127049c60 port:63198, addresses:[localhost/127.0.0.1]]
2024-03-11T17:16:13.506+0530 [DEBUG] [org.gradle.cache.internal.DefaultFileLockManager] Waiting to acquire exclusive lock on daemon addresses registry.
2024-03-11T17:16:13.507+0530 [DEBUG] [org.gradle.cache.internal.DefaultFileLockManager] Lock acquired on daemon addresses registry.
2024-03-11T17:16:13.508+0530 [DEBUG] [org.gradle.cache.internal.DefaultFileLockManager] Releasing lock on daemon addresses registry.
2024-03-11T17:16:13.508+0530 [DEBUG] [org.gradle.launcher.daemon.server.DaemonStateCoordinator] resetting idle timer
2024-03-11T17:16:13.509+0530 [DEBUG] [org.gradle.launcher.daemon.server.DaemonStateCoordinator] daemon is running. Sleeping until state changes.
2024-03-11T17:16:13.510+0530 [INFO] [org.gradle.launcher.daemon.server.exec.StartBuildOrRespondWithBusy] Daemon is about to start building Build{id=b6bbf7df-5f03-4c35-ace4-70b2e372147b, currentDir=F:\NyaySetu\app}. Dispatching build started information...
2024-03-11T17:16:13.510+0530 [DEBUG] [org.gradle.launcher.daemon.server.SynchronizedDispatchConnection] thread 24: dispatching org.gradle.launcher.daemon.protocol.BuildStarted@1bbeb9c3
2024-03-11T17:16:13.513+0530 [DEBUG] [org.gradle.launcher.daemon.server.exec.EstablishBuildEnvironment] Configuring env variables: [USERDOMAIN_ROAMINGPROFILE, LOCALAPPDATA, PROCESSOR_LEVEL, USERDOMAIN, LOGONSERVER, FPS_BROWSER_APP_PROFILE_STRING, SESSIONNAME, ALLUSERSPROFILE, PROCESSOR_ARCHITECTURE, PSModulePath, SystemDrive, OneDrive, APPDATA, USERNAME, ProgramFiles(x86), CommonProgramFiles, Path, FPS_BROWSER_USER_PROFILE_STRING, PATHEXT, DriverData, OS, COMPUTERNAME, IntelliJ IDEA Community Edition, PROCESSOR_REVISION, CommonProgramW6432, PyCharm Community Edition, ComSpec, ProgramData, ProgramW6432, TEMP, HOMEPATH, SystemRoot, PROCESSOR_IDENTIFIER, HOMEDRIVE, USERPROFILE, TMP, CommonProgramFiles(x86), ProgramFiles, PUBLIC, windir, NUMBER_OF_PROCESSORS, =::, IDEA_INITIAL_DIRECTORY]
2024-03-11T17:16:13.522+0530 [DEBUG] [org.gradle.launcher.daemon.server.exec.LogToClient] About to start relaying all logs to the client via the connection.
2024-03-11T17:16:13.523+0530 [INFO] [org.gradle.launcher.daemon.server.exec.LogToClient] The client will now receive all logging from the daemon (pid: 1244). The daemon log file: F:\NyaySetu\daemon\8.4\daemon-1244.out.log
2024-03-11T17:16:13.527+0530 [INFO] [org.gradle.launcher.daemon.server.exec.LogAndCheckHealth] Starting build in new daemon [memory: 2 GiB]
2024-03-11T17:16:13.530+0530 [DEBUG] [org.gradle.launcher.daemon.server.exec.ExecuteBuild] The daemon has started executing the build.
2024-03-11T17:16:13.531+0530 [DEBUG] [org.gradle.launcher.daemon.server.exec.ExecuteBuild] Executing build with daemon context: DefaultDaemonContext[uid=274d16b2-2463-4a8e-a1a9-7e35b8a0a318,javaHome=C:\Program Files\Android\Android Studio\jbr,daemonRegistryDir=F:\NyaySetu\daemon,pid=1244,idleTimeout=10800000,priority=NORMAL,applyInstrumentationAgent=true,daemonOpts=--add-opens=java.base/java.util=ALL-UNNAMED,--add-opens=java.base/java.lang=ALL-UNNAMED,--add-opens=java.base/java.lang.invoke=ALL-UNNAMED,--add-opens=java.prefs/java.util.prefs=ALL-UNNAMED,--add-opens=java.base/java.nio.charset=ALL-UNNAMED,--add-opens=java.base/java.net=ALL-UNNAMED,--add-opens=java.base/java.util.concurrent.atomic=ALL-UNNAMED,-Xmx2048m,-Dfile.encoding=UTF-8,-Duser.country=IN,-Duser.language=en,-Duser.variant]

BUILD SUCCESSFUL in 30s
1 actionable task: 1 executed
2024-03-11T17:16:40.532+0530 [DEBUG] [org.gradle.launcher.daemon.server.exec.ExecuteBuild] The daemon has finished executing the build.
2024-03-11T17:16:40.555+0530 [DEBUG] [org.gradle.launcher.daemon.server.DaemonStateCoordinator] daemon is running. Sleeping until state changes.
2024-03-11T17:16:40.557+0530 [DEBUG] [org.gradle.launcher.daemon.server.DaemonStateCoordinator] Command execution: finished waiting for DaemonCommandExecution[command = Build{id=b6bbf7df-5f03-4c35-ace4-70b2e372147b, currentDir=F:\NyaySetu\app}, connection = DefaultDaemonConnection: socket connection from /127.0.0.1:63198 to /127.0.0.1:63199]. Result org.gradle.launcher.daemon.server.DaemonStateCoordinator@3605e037 with state Busy
2024-03-11T17:16:40.560+0530 [DEBUG] [org.gradle.launcher.daemon.server.DaemonStateCoordinator] Command execution: completed DaemonCommandExecution[command = Build{id=b6bbf7df-5f03-4c35-ace4-70b2e372147b, currentDir=F:\NyaySetu\app}, connection = DefaultDaemonConnection: socket connection from /127.0.0.1:63198 to /127.0.0.1:63199]
2024-03-11T17:16:40.560+0530 [DEBUG] [org.gradle.launcher.daemon.server.DaemonStateCoordinator] resetting idle timer
2024-03-11T17:16:40.560+0530 [INFO] [org.gradle.launcher.daemon.server.DaemonRegistryUpdater] Marking the daemon as idle, address: [86aa797e-2c96-4c45-8c14-b0f127049c60 port:63198, addresses:[localhost/127.0.0.1]]
2024-03-11T17:16:40.561+0530 [DEBUG] [org.gradle.launcher.daemon.registry.PersistentDaemonRegistry] Marking busy by address: [86aa797e-2c96-4c45-8c14-b0f127049c60 port:63198, addresses:[localhost/127.0.0.1]]
2024-03-11T17:16:40.563+0530 [DEBUG] [org.gradle.cache.internal.DefaultFileLockManager] Waiting to acquire exclusive lock on daemon addresses registry.
2024-03-11T17:16:40.564+0530 [DEBUG] [org.gradle.cache.internal.DefaultFileLockManager] Lock acquired on daemon addresses registry.
2024-03-11T17:16:40.568+0530 [DEBUG] [org.gradle.cache.internal.DefaultFileLockManager] Releasing lock on daemon addresses registry.
2024-03-11T17:16:40.569+0530 [DEBUG] [org.gradle.launcher.daemon.server.DaemonStateCoordinator] daemon is running. Sleeping until state changes.
2024-03-11T17:16:40.569+0530 [DEBUG] [org.gradle.launcher.daemon.server.exec.ReturnResult] Daemon is dispatching the build result: Success[value=org.gradle.launcher.exec.BuildActionResult@14311cfc]
2024-03-11T17:16:40.570+0530 [DEBUG] [org.gradle.launcher.daemon.server.SynchronizedDispatchConnection] thread 21: dispatching Success[value=org.gradle.launcher.exec.BuildActionResult@14311cfc]
2024-03-11T17:16:40.571+0530 [DEBUG] [org.gradle.launcher.daemon.server.SynchronizedDispatchConnection] thread 22: received class org.gradle.launcher.daemon.protocol.CloseInput
2024-03-11T17:16:40.572+0530 [DEBUG] [org.gradle.launcher.daemon.server.DefaultDaemonConnection] thread 22: Received IO message from client: org.gradle.launcher.daemon.protocol.CloseInput@6d5e14d2
2024-03-11T17:16:40.572+0530 [DEBUG] [org.gradle.launcher.daemon.server.DefaultIncomingConnectionHandler] Finishing executing command: Build{id=b6bbf7df-5f03-4c35-ace4-70b2e372147b, currentDir=F:\NyaySetu\app}
2024-03-11T17:16:40.572+0530 [DEBUG] [org.gradle.launcher.daemon.server.SynchronizedDispatchConnection] thread 22: received class org.gradle.launcher.daemon.protocol.Finished
2024-03-11T17:16:40.573+0530 [DEBUG] [org.gradle.launcher.daemon.server.DefaultDaemonConnection] thread 22: Received non-IO message from client: org.gradle.launcher.daemon.protocol.Finished@1b31e1d2
2024-03-11T17:16:40.573+0530 [DEBUG] [org.gradle.launcher.daemon.server.DefaultIncomingConnectionHandler] Received finished message: org.gradle.launcher.daemon.protocol.Finished@1b31e1d2
2024-03-11T17:16:40.573+0530 [DEBUG] [org.gradle.launcher.daemon.server.SynchronizedDispatchConnection] thread 21: stopping connection
2024-03-11T17:16:40.573+0530 [DEBUG] [org.gradle.internal.remote.internal.inet.SocketConnection] Discarding EOFException: java.io.EOFException
2024-03-11T17:16:40.573+0530 [DEBUG] [org.gradle.launcher.daemon.server.SynchronizedDispatchConnection] thread 22: received null
2024-03-11T17:16:40.574+0530 [DEBUG] [org.gradle.launcher.daemon.server.DefaultDaemonConnection] thread 22: Received end-of-input from client.
2024-03-11T17:16:40.575+0530 [DEBUG] [org.gradle.launcher.daemon.server.SynchronizedDispatchConnection] thread 21: stopping connection
2024-03-11T17:16:42.257+0530 [DEBUG] [org.gradle.cache.internal.LockOnDemandCrossProcessCacheAccess] Lock on jars (F:\NyaySetu\caches\jars-9) requested by another process - releasing lock.
2024-03-11T17:16:42.259+0530 [DEBUG] [org.gradle.cache.internal.LockOnDemandCrossProcessCacheAccess] Releasing file lock for jars (F:\NyaySetu\caches\jars-9)
2024-03-11T17:16:42.262+0530 [DEBUG] [org.gradle.cache.internal.DefaultFileLockManager] Releasing lock on jars (F:\NyaySetu\caches\jars-9).
2024-03-11T17:16:42.264+0530 [DEBUG] [org.gradle.cache.internal.locklistener.FileLockCommunicator] Confirming lock release to Gradle process at port 56551 for lock with id -1722149144051634326.
2024-03-11T17:16:42.278+0530 [DEBUG] [org.gradle.cache.internal.locklistener.FileLockCommunicator] Confirming lock release to Gradle process at port 56551 for lock with id -1722149144051634326.
2024-03-11T17:16:42.308+0530 [DEBUG] [org.gradle.cache.internal.LockOnDemandCrossProcessCacheAccess] Lock on journal cache (F:\NyaySetu\caches\journal-1) requested by another process - releasing lock.
2024-03-11T17:16:42.308+0530 [DEBUG] [org.gradle.cache.internal.LockOnDemandCrossProcessCacheAccess] Releasing file lock for journal cache (F:\NyaySetu\caches\journal-1)
2024-03-11T17:16:42.314+0530 [DEBUG] [org.gradle.cache.internal.btree.BTreePersistentIndexedCache] Closing cache file-access.bin (F:\NyaySetu\caches\journal-1\file-access.bin)
2024-03-11T17:16:42.374+0530 [DEBUG] [org.gradle.cache.internal.DefaultFileLockManager] Releasing lock on journal cache (F:\NyaySetu\caches\journal-1).
2024-03-11T17:16:42.377+0530 [DEBUG] [org.gradle.cache.internal.locklistener.FileLockCommunicator] Confirming lock release to Gradle process at port 56551 for lock with id 4776828548228109907.
2024-03-11T17:16:42.378+0530 [DEBUG] [org.gradle.cache.internal.locklistener.FileLockCommunicator] Confirming lock release to Gradle process at port 56551 for lock with id 4776828548228109907.
2024-03-11T17:16:42.449+0530 [DEBUG] [org.gradle.cache.internal.LockOnDemandCrossProcessCacheAccess] Lock on file hash cache (F:\NyaySetu\caches\8.4\fileHashes) requested by another process - releasing lock.
2024-03-11T17:16:42.476+0530 [DEBUG] [org.gradle.cache.internal.LockOnDemandCrossProcessCacheAccess] Releasing file lock for file hash cache (F:\NyaySetu\caches\8.4\fileHashes)
2024-03-11T17:16:42.482+0530 [DEBUG] [org.gradle.cache.internal.btree.BTreePersistentIndexedCache] Closing cache fileHashes.bin (F:\NyaySetu\caches\8.4\fileHashes\fileHashes.bin)
2024-03-11T17:16:42.578+0530 [DEBUG] [org.gradle.cache.internal.btree.BTreePersistentIndexedCache] Closing cache resourceHashesCache.bin (F:\NyaySetu\caches\8.4\fileHashes\resourceHashesCache.bin)
2024-03-11T17:16:42.587+0530 [DEBUG] [org.gradle.cache.internal.DefaultFileLockManager] Releasing lock on file hash cache (F:\NyaySetu\caches\8.4\fileHashes).
2024-03-11T17:16:42.800+0530 [DEBUG] [org.gradle.process.internal.health.memory.DefaultMemoryManager] 849673011 physical memory requested, 406806528 free
2024-03-11T17:16:42.800+0530 [DEBUG] [org.gradle.workers.internal.WorkerDaemonExpiration] Will attempt to release 810 of memory
2024-03-11T17:16:42.801+0530 [DEBUG] [org.gradle.process.internal.health.memory.DefaultMemoryManager] 849673011 physical memory requested, 0 released, 406806528 free
2024-03-11T17:16:43.060+0530 [DEBUG] [org.gradle.cache.internal.locklistener.FileLockCommunicator] Confirming lock release to Gradle process at port 56551 for lock with id 4685555557414136234.
2024-03-11T17:16:43.067+0530 [DEBUG] [org.gradle.cache.internal.locklistener.FileLockCommunicator] Confirming lock release to Gradle process at port 56551 for lock with id 4685555557414136234.
2024-03-11T17:16:43.355+0530 [DEBUG] [org.gradle.cache.internal.DefaultFileLockManager] Waiting to acquire shared lock on daemon addresses registry.
2024-03-11T17:16:43.359+0530 [DEBUG] [org.gradle.cache.internal.DefaultFileLockManager] Lock acquired on daemon addresses registry.
2024-03-11T17:16:43.383+0530 [DEBUG] [org.gradle.cache.internal.DefaultFileLockManager] Releasing lock on daemon addresses registry.
2024-03-11T17:16:43.385+0530 [DEBUG] [org.gradle.cache.internal.DefaultFileLockManager] Waiting to acquire shared lock on daemon addresses registry.
2024-03-11T17:16:43.385+0530 [DEBUG] [org.gradle.cache.internal.DefaultFileLockManager] Lock acquired on daemon addresses registry.
2024-03-11T17:16:43.385+0530 [DEBUG] [org.gradle.cache.internal.DefaultFileLockManager] Releasing lock on daemon addresses registry.
2024-03-11T17:16:47.238+0530 [DEBUG] [org.gradle.process.internal.health.memory.DefaultMemoryManager] 849673011 physical memory requested, 387874816 free
2024-03-11T17:16:47.238+0530 [DEBUG] [org.gradle.workers.internal.WorkerDaemonExpiration] Will attempt to release 810 of memory
2024-03-11T17:16:47.238+0530 [DEBUG] [org.gradle.process.internal.health.memory.DefaultMemoryManager] 849673011 physical memory requested, 0 released, 387874816 free
2024-03-11T17:16:48.646+0530 [DEBUG] [org.gradle.cache.internal.LockOnDemandCrossProcessCacheAccess] Lock on Generated Gradle JARs cache (F:\NyaySetu\caches\8.4\generated-gradle-jars) requested by another process - releasing lock.
2024-03-11T17:16:48.647+0530 [DEBUG] [org.gradle.cache.internal.LockOnDemandCrossProcessCacheAccess] Releasing file lock for Generated Gradle JARs cache (F:\NyaySetu\caches\8.4\generated-gradle-jars)
2024-03-11T17:16:48.647+0530 [DEBUG] [org.gradle.cache.internal.DefaultFileLockManager] Releasing lock on Generated Gradle JARs cache (F:\NyaySetu\caches\8.4\generated-gradle-jars).
2024-03-11T17:16:48.704+0530 [DEBUG] [org.gradle.cache.internal.locklistener.FileLockCommunicator] Confirming lock release to Gradle process at port 56551 for lock with id -160254767271076511.
2024-03-11T17:16:48.705+0530 [DEBUG] [org.gradle.cache.internal.locklistener.FileLockCommunicator] Confirming lock release to Gradle process at port 56551 for lock with id -160254767271076511.
2024-03-11T17:16:48.761+0530 [DEBUG] [org.gradle.cache.internal.LockOnDemandCrossProcessCacheAccess] Lock on artifact cache (F:\NyaySetu\caches\modules-2) requested by another process - releasing lock.
2024-03-11T17:16:48.762+0530 [DEBUG] [org.gradle.cache.internal.LockOnDemandCrossProcessCacheAccess] Releasing file lock for artifact cache (F:\NyaySetu\caches\modules-2)
2024-03-11T17:16:48.762+0530 [DEBUG] [org.gradle.cache.internal.btree.BTreePersistentIndexedCache] Closing cache module-artifact.bin (F:\NyaySetu\caches\modules-2\metadata-2.106\module-artifact.bin)
2024-03-11T17:16:48.762+0530 [DEBUG] [org.gradle.cache.internal.btree.BTreePersistentIndexedCache] Closing cache module-metadata.bin (F:\NyaySetu\caches\modules-2\metadata-2.106\module-metadata.bin)
2024-03-11T17:16:48.769+0530 [DEBUG] [org.gradle.cache.internal.DefaultFileLockManager] Releasing lock on artifact cache (F:\NyaySetu\caches\modules-2).
2024-03-11T17:16:48.770+0530 [DEBUG] [org.gradle.cache.internal.locklistener.FileLockCommunicator] Confirming lock release to Gradle process at port 56551 for lock with id -6679938850218954999.
2024-03-11T17:16:48.770+0530 [DEBUG] [org.gradle.cache.internal.locklistener.FileLockCommunicator] Confirming lock release to Gradle process at port 56551 for lock with id -6679938850218954999.
2024-03-11T17:16:50.868+0530 [DEBUG] [org.gradle.cache.internal.LockOnDemandCrossProcessCacheAccess] Lock on kotlin-dsl (F:\NyaySetu\caches\8.4\kotlin-dsl) requested by another process - releasing lock.
2024-03-11T17:16:50.869+0530 [DEBUG] [org.gradle.cache.internal.LockOnDemandCrossProcessCacheAccess] Releasing file lock for kotlin-dsl (F:\NyaySetu\caches\8.4\kotlin-dsl)
2024-03-11T17:16:50.869+0530 [DEBUG] [org.gradle.cache.internal.btree.BTreePersistentIndexedCache] Closing cache executionHistory.bin (F:\NyaySetu\caches\8.4\kotlin-dsl\executionHistory.bin)
2024-03-11T17:16:50.869+0530 [DEBUG] [org.gradle.cache.internal.DefaultFileLockManager] Releasing lock on kotlin-dsl (F:\NyaySetu\caches\8.4\kotlin-dsl).
2024-03-11T17:16:50.871+0530 [DEBUG] [org.gradle.cache.internal.locklistener.FileLockCommunicator] Confirming lock release to Gradle process at port 56551 for lock with id 2865709134520470833.
2024-03-11T17:16:50.872+0530 [DEBUG] [org.gradle.cache.internal.locklistener.FileLockCommunicator] Confirming lock release to Gradle process at port 56551 for lock with id 2865709134520470833.
2024-03-11T17:16:52.246+0530 [DEBUG] [org.gradle.process.internal.health.memory.DefaultMemoryManager] 849673011 physical memory requested, 350887936 free
2024-03-11T17:16:52.246+0530 [DEBUG] [org.gradle.workers.internal.WorkerDaemonExpiration] Will attempt to release 810 of memory
2024-03-11T17:16:52.246+0530 [DEBUG] [org.gradle.process.internal.health.memory.DefaultMemoryManager] 849673011 physical memory requested, 0 released, 350887936 free
2024-03-11T17:16:53.345+0530 [DEBUG] [org.gradle.cache.internal.DefaultFileLockManager] Waiting to acquire shared lock on daemon addresses registry.
2024-03-11T17:16:53.347+0530 [DEBUG] [org.gradle.cache.internal.DefaultFileLockManager] Lock acquired on daemon addresses registry.
2024-03-11T17:16:53.349+0530 [DEBUG] [org.gradle.cache.internal.DefaultFileLockManager] Releasing lock on daemon addresses registry.
2024-03-11T17:16:53.350+0530 [DEBUG] [org.gradle.cache.internal.DefaultFileLockManager] Waiting to acquire shared lock on daemon addresses registry.
2024-03-11T17:16:53.351+0530 [DEBUG] [org.gradle.cache.internal.DefaultFileLockManager] Lock acquired on daemon addresses registry.
2024-03-11T17:16:53.352+0530 [DEBUG] [org.gradle.cache.internal.DefaultFileLockManager] Releasing lock on daemon addresses registry.
2024-03-11T17:16:53.354+0530 [DEBUG] [org.gradle.cache.internal.DefaultFileLockManager] Waiting to acquire shared lock on daemon addresses registry.
2024-03-11T17:16:53.355+0530 [DEBUG] [org.gradle.cache.internal.DefaultFileLockManager] Lock acquired on daemon addresses registry.
2024-03-11T17:16:53.355+0530 [DEBUG] [org.gradle.cache.internal.DefaultFileLockManager] Releasing lock on daemon addresses registry.
2024-03-11T17:16:57.239+0530 [DEBUG] [org.gradle.process.internal.health.memory.DefaultMemoryManager] 849673011 physical memory requested, 322535424 free
2024-03-11T17:16:57.240+0530 [DEBUG] [org.gradle.workers.internal.WorkerDaemonExpiration] Will attempt to release 810 of memory
2024-03-11T17:16:57.240+0530 [DEBUG] [org.gradle.process.internal.health.memory.DefaultMemoryManager] 849673011 physical memory requested, 0 released, 322535424 free
2024-03-11T17:17:02.235+0530 [DEBUG] [org.gradle.process.internal.health.memory.DefaultMemoryManager] 849673011 physical memory requested, 322695168 free
2024-03-11T17:17:02.235+0530 [DEBUG] [org.gradle.workers.internal.WorkerDaemonExpiration] Will attempt to release 810 of memory
2024-03-11T17:17:02.235+0530 [DEBUG] [org.gradle.process.internal.health.memory.DefaultMemoryManager] 849673011 physical memory requested, 0 released, 322695168 free
2024-03-11T17:17:03.345+0530 [DEBUG] [org.gradle.cache.internal.DefaultFileLockManager] Waiting to acquire shared lock on daemon addresses registry.
2024-03-11T17:17:03.346+0530 [DEBUG] [org.gradle.cache.internal.DefaultFileLockManager] Lock acquired on daemon addresses registry.
2024-03-11T17:17:03.347+0530 [DEBUG] [org.gradle.cache.internal.DefaultFileLockManager] Releasing lock on daemon addresses registry.
2024-03-11T17:17:03.349+0530 [DEBUG] [org.gradle.cache.internal.DefaultFileLockManager] Waiting to acquire shared lock on daemon addresses registry.
2024-03-11T17:17:03.349+0530 [DEBUG] [org.gradle.cache.internal.DefaultFileLockManager] Lock acquired on daemon addresses registry.
2024-03-11T17:17:03.352+0530 [DEBUG] [org.gradle.cache.internal.DefaultFileLockManager] Releasing lock on daemon addresses registry.
2024-03-11T17:17:03.356+0530 [DEBUG] [org.gradle.cache.internal.DefaultFileLockManager] Waiting to acquire shared lock on daemon addresses registry.
2024-03-11T17:17:03.356+0530 [DEBUG] [org.gradle.cache.internal.DefaultFileLockManager] Lock acquired on daemon addresses registry.
2024-03-11T17:17:03.357+0530 [DEBUG] [org.gradle.cache.internal.DefaultFileLockManager] Releasing lock on daemon addresses registry.
2024-03-11T17:17:07.235+0530 [DEBUG] [org.gradle.process.internal.health.memory.DefaultMemoryManager] 849673011 physical memory requested, 297570304 free
2024-03-11T17:17:07.236+0530 [DEBUG] [org.gradle.workers.internal.WorkerDaemonExpiration] Will attempt to release 810 of memory
2024-03-11T17:17:07.236+0530 [DEBUG] [org.gradle.process.internal.health.memory.DefaultMemoryManager] 849673011 physical memory requested, 0 released, 297570304 free
2024-03-11T17:17:12.246+0530 [DEBUG] [org.gradle.process.internal.health.memory.DefaultMemoryManager] 849673011 physical memory requested, 311902208 free
2024-03-11T17:17:12.246+0530 [DEBUG] [org.gradle.workers.internal.WorkerDaemonExpiration] Will attempt to release 810 of memory
2024-03-11T17:17:12.247+0530 [DEBUG] [org.gradle.process.internal.health.memory.DefaultMemoryManager] 849673011 physical memory requested, 0 released, 311902208 free
2024-03-11T17:17:13.339+0530 [DEBUG] [org.gradle.cache.internal.DefaultFileLockManager] Waiting to acquire shared lock on daemon addresses registry.
2024-03-11T17:17:13.339+0530 [DEBUG] [org.gradle.cache.internal.DefaultFileLockManager] Lock acquired on daemon addresses registry.
2024-03-11T17:17:13.339+0530 [DEBUG] [org.gradle.cache.internal.DefaultFileLockManager] Releasing lock on daemon addresses registry.
2024-03-11T17:17:13.341+0530 [DEBUG] [org.gradle.cache.internal.DefaultFileLockManager] Waiting to acquire shared lock on daemon addresses registry.
2024-03-11T17:17:13.341+0530 [DEBUG] [org.gradle.cache.internal.DefaultFileLockManager] Lock acquired on daemon addresses registry.
2024-03-11T17:17:13.342+0530 [DEBUG] [org.gradle.cache.internal.DefaultFileLockManager] Releasing lock on daemon addresses registry.
2024-03-11T17:17:13.346+0530 [DEBUG] [org.gradle.cache.internal.DefaultFileLockManager] Waiting to acquire shared lock on daemon addresses registry.
2024-03-11T17:17:13.346+0530 [DEBUG] [org.gradle.cache.internal.DefaultFileLockManager] Lock acquired on daemon addresses registry.
2024-03-11T17:17:13.346+0530 [DEBUG] [org.gradle.cache.internal.DefaultFileLockManager] Releasing lock on daemon addresses registry.
2024-03-11T17:17:13.347+0530 [INFO] [org.gradle.launcher.daemon.server.health.LowMemoryDaemonExpirationStrategy] after free system physical memory (297.4 MiB) fell below threshold of 405.1 MiB
2024-03-11T17:17:13.347+0530 [DEBUG] [org.gradle.cache.internal.DefaultFileLockManager] Waiting to acquire shared lock on daemon addresses registry.
2024-03-11T17:17:13.348+0530 [DEBUG] [org.gradle.cache.internal.DefaultFileLockManager] Lock acquired on daemon addresses registry.
2024-03-11T17:17:13.348+0530 [DEBUG] [org.gradle.cache.internal.DefaultFileLockManager] Releasing lock on daemon addresses registry.
2024-03-11T17:17:13.348+0530 [DEBUG] [org.gradle.launcher.daemon.server.DaemonRegistryUpdater] Storing daemon stop event: other compatible daemons were started and after being idle for 0 minutes and not recently used and after being idle for 0 minutes and not recently used and to reclaim system physical memory
2024-03-11T17:17:13.351+0530 [DEBUG] [org.gradle.launcher.daemon.registry.PersistentDaemonRegistry] Storing daemon stop event with timestamp 1710157633350
2024-03-11T17:17:13.352+0530 [DEBUG] [org.gradle.cache.internal.DefaultFileLockManager] Waiting to acquire exclusive lock on daemon addresses registry.
2024-03-11T17:17:13.352+0530 [DEBUG] [org.gradle.cache.internal.DefaultFileLockManager] Lock acquired on daemon addresses registry.
2024-03-11T17:17:13.353+0530 [DEBUG] [org.gradle.cache.internal.DefaultFileLockManager] Releasing lock on daemon addresses registry.
2024-03-11T17:17:13.354+0530 [LIFECYCLE] [org.gradle.launcher.daemon.server.DaemonStateCoordinator] Daemon will be stopped at the end of the build other compatible daemons were started and after being idle for 0 minutes and not recently used and after being idle for 0 minutes and not recently used and to reclaim system physical memory
2024-03-11T17:17:13.354+0530 [DEBUG] [org.gradle.launcher.daemon.server.DaemonStateCoordinator] Marking daemon stopped due to other compatible daemons were started and after being idle for 0 minutes and not recently used and after being idle for 0 minutes and not recently used and to reclaim system physical memory. The daemon is running a build: false
2024-03-11T17:17:13.354+0530 [DEBUG] [org.gradle.launcher.daemon.server.DaemonStateCoordinator] daemon has stopped.
2024-03-11T17:17:13.354+0530 [DEBUG] [org.gradle.launcher.daemon.server.Daemon] stop() called on daemon
2024-03-11T17:17:13.354+0530 [INFO] [org.gradle.launcher.daemon.server.Daemon] Stop requested. Daemon is removing its presence from the registry...
2024-03-11T17:17:13.355+0530 [DEBUG] [org.gradle.launcher.daemon.server.DaemonRegistryUpdater] Removing our presence to clients, eg. removing this address from the registry: [86aa797e-2c96-4c45-8c14-b0f127049c60 port:63198, addresses:[localhost/127.0.0.1]]
2024-03-11T17:17:13.355+0530 [DEBUG] [org.gradle.launcher.daemon.registry.PersistentDaemonRegistry] Removing daemon address: [86aa797e-2c96-4c45-8c14-b0f127049c60 port:63198, addresses:[localhost/127.0.0.1]]
2024-03-11T17:17:13.356+0530 [DEBUG] [org.gradle.cache.internal.DefaultFileLockManager] Waiting to acquire exclusive lock on daemon addresses registry.
2024-03-11T17:17:13.356+0530 [DEBUG] [org.gradle.cache.internal.DefaultFileLockManager] Lock acquired on daemon addresses registry.
2024-03-11T17:17:13.359+0530 [DEBUG] [org.gradle.cache.internal.DefaultFileLockManager] Releasing lock on daemon addresses registry.
2024-03-11T17:17:13.359+0530 [DEBUG] [org.gradle.launcher.daemon.server.DaemonRegistryUpdater] Address removed from registry.
2024-03-11T17:17:13.361+0530 [DEBUG] [org.gradle.cache.internal.DefaultPersistentDirectoryStore] jars (F:\NyaySetu\caches\jars-9) has last been fully cleaned up 21 hours ago
2024-03-11T17:17:13.362+0530 [DEBUG] [org.gradle.cache.internal.DefaultPersistentDirectoryStore] Artifact transforms cache (F:\NyaySetu\caches\transforms-3) has last been fully cleaned up 21 hours ago
2024-03-11T17:17:13.362+0530 [DEBUG] [org.gradle.cache.internal.DefaultCacheCoordinator] Cache Artifact transforms cache (F:\NyaySetu\caches\transforms-3) was closed 0 times.
2024-03-11T17:17:13.362+0530 [DEBUG] [org.gradle.cache.internal.DefaultPersistentDirectoryStore] kotlin-dsl (F:\NyaySetu\caches\8.4\kotlin-dsl) has last been fully cleaned up 21 hours ago
2024-03-11T17:17:13.461+0530 [DEBUG] [org.gradle.cache.internal.LockOnDemandCrossProcessCacheAccess] Releasing file lock for file content cache (F:\NyaySetu\caches\8.4\fileContent)
2024-03-11T17:17:13.462+0530 [DEBUG] [org.gradle.cache.internal.DefaultFileLockManager] Releasing lock on file content cache (F:\NyaySetu\caches\8.4\fileContent).
2024-03-11T17:17:13.462+0530 [DEBUG] [org.gradle.internal.watch.vfs.impl.WatchingVirtualFileSystem] Closing VFS, dropping state
2024-03-11T17:17:13.464+0530 [DEBUG] [org.gradle.internal.watch.registry.impl.DefaultFileWatcherRegistry] Finished listening to file system change events
2024-03-11T17:17:13.464+0530 [DEBUG] [org.gradle.cache.internal.DefaultPersistentDirectoryStore] artifact cache (F:\NyaySetu\caches\modules-2) has last been fully cleaned up 21 hours ago
2024-03-11T17:17:13.465+0530 [DEBUG] [org.gradle.cache.internal.LockOnDemandCrossProcessCacheAccess] Releasing file lock for execution history cache (F:\NyaySetu\caches\8.4\executionHistory)
2024-03-11T17:17:13.466+0530 [DEBUG] [org.gradle.cache.internal.DefaultFileLockManager] Releasing lock on execution history cache (F:\NyaySetu\caches\8.4\executionHistory).
Daemon vm is shutting down... The daemon has exited normally or was terminated in response to a user interrupt.
2024-03-11T17:17:13.468+0530 [DEBUG] [org.gradle.launcher.daemon.registry.PersistentDaemonRegistry] Removing daemon address: [86aa797e-2c96-4c45-8c14-b0f127049c60 port:63198, addresses:[localhost/127.0.0.1]]
2024-03-11T17:17:13.468+0530 [DEBUG] [org.gradle.cache.internal.DefaultFileLockManager] Waiting to acquire exclusive lock on daemon addresses registry.
2024-03-11T17:17:13.469+0530 [DEBUG] [org.gradle.cache.internal.DefaultFileLockManager] Lock acquired on daemon addresses registry.
2024-03-11T17:17:13.470+0530 [DEBUG] [org.gradle.cache.internal.DefaultFileLockManager] Releasing lock on daemon addresses registry.
